|SourceProjectName:SMESH.hpr
|DestinationProjectName:smesh.htm
whhost.js
whmsg.js
whmozemu.js
whproxy.js
whstub.js
whutils.js
whver.js
whform.js
whphost.js
whstart.js
whtopic.js
whframes.js
whlang.js
whskin_info.htm
whskin_blank.htm
whnjs.htm
whthost.js
whtdhtml.htm
whihost.js
whibody.htm
whiform.htm
whfhost.js
whfbody.htm
whfform.htm
whghost.js
whgbody.htm
whgdhtml.htm
whgdef.htm
whproj.js
whproj.xml
whproj.htm
whdata\whtoc.js
whdata\whtoc.xml
whdata\whtoc.htm
whdata\whtdata.js
whdata\whidx.js
whdata\whidx.xml
whdata\whidx.htm
whdata\whidata.js
whdata\whfts.js
whdata\whfts.xml
whdata\whfts.htm
whdata\whglo.js
whdata\whglo.xml
whdata\whglo.htm
whdata\whgdata.js
whdata\whftdata.js
whdata\whfwdata.js
whres.xml
webhelp.jar
webhelp.cab
whgdata\whnvp30.htm
whgdata\whnvp31.htm
whgdata\whnvp32.htm
whgdata\whnvp33.htm
whgdata\whnvt30.htm
whgdata\whnvt31.htm
whgdata\whnvt32.htm
whgdata\whnvt33.htm
whgdata\whnvf30.htm
whgdata\whnvf31.htm
whgdata\whnvf32.htm
whgdata\whnvf33.htm
whgdata\whnvl31.htm
whgdata\whnvl32.htm
whgdata\whnvl33.htm
whgdata\whexpbar.gif
cshdat_webhelp.htm
cshdat_robohelp.htm
wht_tab0.gif
wht_tab1.gif
wht_tab2.gif
wht_tab3.gif
wht_tab4.gif
wht_tab5.gif
wht_tab6.gif
wht_tab7.gif
wht_tab8.gif
wht_glo_h.gif
wht_glo_n.gif
wht_fts_h.gif
wht_fts_n.gif
wht_idx_h.gif
wht_idx_n.gif
wht_toc_h.gif
wht_toc_n.gif
wht_ws.gif
wht_ws_g.gif
wht_logo1.gif
wht_logo2.gif
wht_abgw.jpg
wht_abgi.jpg
wht_abge.jpg
wht_abtw.jpg
wht_abte.jpg
wht_abti.jpg
wht_spac.gif
wht_next.gif
wht_next_g.gif
wht_prev.gif
wht_prev_g.gif
wht_sync.gif
wht_hide.gif
wht_go.gif
whstart.ico
whestart.ico
whrstart.ico
whidhtml.htm
whfdhtml.htm
whskin_banner.htm
whtbar.js
default.skn
whskin_pdhtml.htm
whskin_papplet.htm
whskin_plist.htm
whskin_tbars.htm
whskin_mbars.htm
wht_toc4.gif
wht_toc1.gif
wht_toc2.gif
wht_toc3.gif
whskin_frmset010.htm
whst_topics.xml
whskin_frmset01.htm
smesh_hha.hhk
smesh.hhc
smesh.hhk
extrusion.htm
files\1d_meshing_algorithm.htm
files\2d_(quadrangle)_meshing_algorithm.htm
files\2d_meshing_algorithm.htm
files\3d_meshing_algorithm.htm
files\about_hypotheses.htm
files\about_meshes.htm
files\about_meshing_algorithms.htm
files\about_modification_of_meshes.htm
files\about_quality_controls.htm
files\adding_nodes_and_elements.htm
files\area_of_elements.htm
files\arithmetic_1d.htm
files\aspect_ratio.htm
files\changing_orientation_of_elements.htm
files\computing_meshes.htm
files\connectivity.htm
files\constructing_groups_of_specific_elements.htm
files\constructing_meshes.htm
files\constructing_submeshes.htm
files\creating_groups.htm
files\cutting_quadrangles.htm
files\deflection_1d.htm
files\diagonal_iversion_of_elements.htm
files\displacing_nodes.htm
files\displaying_elements_numbers.htm
files\displaying_nodes_numbers.htm
files\editing_groups.htm
files\editing_hypotheses.htm
files\importing_and_exporting_meshes.htm
files\introduction_to_smesh.htm
files\length_from_edges.htm
files\length_of_edges.htm
files\local_length_hypothesis.htm
files\max._element_area_hypothesis.htm
files\max._element_volume_hypothsis.htm
files\merging_nodes.htm
files\minimum_angle.htm
files\non_conform_mesh_allowed_hypothesis.htm
files\number_of_segments_hypothesis.htm
files\propagation_of_1d_hypothesis_on_opposite_edges.htm
files\reassigning_hypotheses_and_algorithms.htm
files\removing_nodes_and_elements.htm
files\renumbering_nodes_and_elements.htm
files\rotation.htm
files\running_smesh_module.htm
files\scalar_bar_properties.htm
files\sewing_meshes.htm
files\shading.htm
files\shrink.htm
files\skew.htm
files\smoothing.htm
files\start_and_end_length_hypothesis.htm
files\symmetry.htm
files\taper.htm
files\tetrahedron_(ghs3d)_meshing_algorithm.htm
files\tetrahedron_(netgen)_meshing_algorithm.htm
files\translation.htm
files\uniting_a_set_of_triangles.htm
files\uniting_two_triangles.htm
files\using_operations_on_groups.htm
files\using_smesh_module.htm
files\view_update.htm
files\viewing_mesh_info.htm
files\visualization_modes.htm
files\visualization_properties.htm
files\warp.htm
files\wireframe.htm
pattern_mapping.htm
revolution.htm
ehlpdhtm.js
texture_horiz_ltbluebubbles.jpg
smesh.glo
default.css
image96.gif
image77.jpg
image66.jpg
image55.jpg
image85.gif
image74.gif
image44.jpg
image63.gif
image22.jpg
image11.jpg
image41.gif
image97.gif
image78.jpg
image67.jpg
image75.gif
image45.jpg
image34.jpg
image64.gif
image23.jpg
image12.jpg
image31.gif
image98.gif
image87.gif
image68.jpg
image57.jpg
image76.gif
image46.jpg
image35.jpg
image65.gif
image43.gif
image32.gif
image24.jpg
image88.gif
image69.jpg
image58.jpg
image77.gif
image47.jpg
image36.jpg
image66.gif
image44.gif
image33.gif
image22.gif
image25.jpg
image89.gif
image59.jpg
image78.gif
image48.jpg
image67.gif
image34.gif
image26.jpg
image79.gif
image49.jpg
image38.jpg
image68.gif
image57.gif
image16.jpg
image46.gif
image35.gif
image27.jpg
image24.gif
image39.jpg
image69.gif
image3.jpg
pics\exemple.gif
image36.gif
image28.jpg
image25.gif
image18.jpg
image4.jpg
image37.gif
image29.jpg
image26.gif
note1.gif
image2.gif
image38.gif
image27.gif
image80.jpg
image6.jpg
image39.gif
image28.gif
image81.jpg
image70.jpg
image4.gif
image7.jpg
image29.gif
pics\new.jpg
image90.gif
image71.jpg
image60.jpg
image8.jpg
image91.gif
image72.jpg
image61.jpg
image50.jpg
image80.gif
image6.gif
image9.jpg
image92.gif
image73.jpg
image62.jpg
image51.jpg
image81.gif
image40.jpg
image70.gif
image7.gif
i_blue.jpg
image93.gif
image74.jpg
image63.jpg
image52.jpg
image82.gif
image41.jpg
image71.gif
image30.jpg
image8.gif
image94.gif
image75.jpg
image64.jpg
image53.jpg
image83.gif
image42.jpg
image72.gif
image61.gif
image31.jpg
image9.gif
image20.jpg
image95.gif
image76.jpg
image65.jpg
image54.jpg
image84.gif
image43.jpg
image73.gif
image32.jpg
image21.jpg
image10.jpg
image40.gif
smesh.ppf
default_ns.css
whdata\whtdata0.xml
whdata\whtdata0.htm
whdata\whftdata0.xml
whdata\whftdata0.htm
whdata\whfwdata0.xml
whdata\whfwdata0.htm
whdata\whgdata0.xml
whdata\whgdata0.htm
whgdata\whlstt0.htm
whgdata\whlstt1.htm
whgdata\whlstt2.htm
whgdata\whlstt3.htm
whgdata\whlstt4.htm
whgdata\whlstt5.htm
whgdata\whlstt6.htm
whgdata\whlstt7.htm
whgdata\whlstt8.htm
whgdata\whlstt9.htm
whgdata\whlstt10.htm
whgdata\whlstt11.htm
whgdata\whlstt12.htm
whgdata\whlstt13.htm
whgdata\whlsti0.htm
whgdata\whlstfl0.htm
whgdata\whlstfl1.htm
whgdata\whlstfl2.htm
whgdata\whlstfl3.htm
whgdata\whlstfl4.htm
whgdata\whlstfl5.htm
whgdata\whlstfl6.htm
whgdata\whlstfl7.htm
whgdata\whlstfl8.htm
whgdata\whlstfl9.htm
whgdata\whlstfl10.htm
whgdata\whlstfl11.htm
whgdata\whlstfl12.htm
whgdata\whlstfl13.htm
whgdata\whlstfl14.htm
whgdata\whlstfl15.htm
whgdata\whlstfl16.htm
whgdata\whlstfl17.htm
whgdata\whlstfl18.htm
whgdata\whlstfl19.htm
whgdata\whlstfl20.htm
whgdata\whlstfl21.htm
whgdata\whlstfl22.htm
whgdata\whlstfl23.htm
whgdata\whlstf0.htm
whgdata\whlstf1.htm
whgdata\whlstf2.htm
whgdata\whlstf3.htm
whgdata\whlstf4.htm
whgdata\whlstf5.htm
whgdata\whlstf6.htm
whgdata\whlstf7.htm
whgdata\whlstg0.htm
smesh.htm
smesh_csh.htm
smesh_rhc.htm
