|SourceProjectName:SMESH.hpr
|DestinationProjectName:smesh.htm
whhost.js
whmsg.js
whmozemu.js
whproxy.js
whstub.js
whutils.js
whver.js
whform.js
whphost.js
whstart.js
whtopic.js
whframes.js
whlang.js
whskin_info.htm
whskin_blank.htm
whskin_pickup.htm
whskin_homepage.htm
whskin_tw.htm
whnjs.htm
whthost.js
whtdhtml.htm
whihost.js
whibody.htm
whiform.htm
whfhost.js
whfbody.htm
whfform.htm
whghost.js
whgbody.htm
whgdhtml.htm
whgdef.htm
whproj.js
whproj.xml
whproj.htm
whxdata\whtoc.xml
whxdata\whidx.xml
whxdata\whfts.xml
whxdata\whglo.xml
whdata\whtoc.js
whdata\whtoc.htm
whdata\whtdata.js
whdata\whidx.js
whdata\whidx.htm
whdata\whidata.js
whdata\whfts.js
whdata\whfts.htm
whdata\whglo.js
whdata\whglo.htm
whdata\whgdata.js
whdata\whftdata.js
whdata\whfwdata.js
whres.xml
webhelp.jar
webhelp.cab
whgdata\whnvp30.htm
whgdata\whnvp31.htm
whgdata\whnvp32.htm
whgdata\whnvp33.htm
whgdata\whnvt30.htm
whgdata\whnvt31.htm
whgdata\whnvt32.htm
whgdata\whnvt33.htm
whgdata\whnvf30.htm
whgdata\whnvf31.htm
whgdata\whnvf32.htm
whgdata\whnvf33.htm
whgdata\whnvl31.htm
whgdata\whnvl32.htm
whgdata\whnvl33.htm
whgdata\whexpbar.gif
cshdat_webhelp.htm
whcsh_home.htm
whcshdata.htm
cshdat_robohelp.htm
wht_tab0.gif
wht_tab1.gif
wht_tab2.gif
wht_tab3.gif
wht_tab4.gif
wht_tab5.gif
wht_tab6.gif
wht_tab7.gif
wht_tab8.gif
wht_glo_h.gif
wht_glo_n.gif
wht_fts_h.gif
wht_fts_n.gif
wht_idx_h.gif
wht_idx_n.gif
wht_toc_h.gif
wht_toc_n.gif
wht_ws.gif
wht_ws_g.gif
wht_logo1.gif
wht_logo2.gif
wht_abgw.jpg
wht_abgi.jpg
wht_abge.jpg
wht_abtw.jpg
wht_abte.jpg
wht_abti.jpg
wht_spac.gif
wht_next.gif
wht_next_g.gif
wht_prev.gif
wht_prev_g.gif
wht_sync.gif
wht_hide.gif
wht_go.gif
whstart.ico
whestart.ico
whrstart.ico
whidhtml.htm
whfdhtml.htm
whskin_banner.htm
whtbar.js
whskin_pdhtml.htm
whskin_papplet.htm
whskin_plist.htm
whskin_tbars.htm
whskin_mbars.htm
wht_toc4.gif
wht_toc1.gif
wht_toc2.gif
wht_toc3.gif
whskin_frmset010.htm
whst_topics.xml
whskin_frmset01.htm
smesh_hha.hhk
smesh.hhc
smesh.hhk
about_viewing_meshes.htm
aspect_ratio_3d.htm
borders_at_multi-connection.htm
borders_at_multiconnection_2d.htm
clipping.htm
constructing_meshes.htm
defining_hypotheses_tui.htm
deleting_groups.htm
display_entity.htm
extrusion.htm
extrusion_along_a_path.htm
files\about_hypotheses.htm
files\about_meshes.htm
files\about_meshing_algorithms.htm
files\about_quality_controls.htm
files\adding_nodes_and_elements.htm
files\area_of_elements.htm
files\arithmetic_1d.htm
files\aspect_ratio.htm
files\changing_orientation_of_elements.htm
files\constructing_groups_of_specific_elements.htm
files\constructing_meshes.htm
files\constructing_submeshes.htm
files\creating_groups.htm
files\cutting_quadrangles.htm
files\diagonal_iversion_of_elements.htm
files\displacing_nodes.htm
files\displaying_nodes_numbers.htm
files\editing_groups.htm
files\importing_and_exporting_meshes.htm
files\introduction_to_smesh.htm
files\length_of_edges.htm
files\max._element_area_hypothesis.htm
files\max._element_volume_hypothsis.htm
files\merging_nodes.htm
files\minimum_angle.htm
files\non_conform_mesh_allowed_hypothesis.htm
files\reassigning_hypotheses_and_algorithms.htm
files\removing_nodes_and_elements.htm
files\renumbering_nodes_and_elements.htm
files\rotation.htm
files\running_smesh_module.htm
files\sewing_meshes.htm
files\skew.htm
files\smoothing.htm
files\symmetry.htm
files\taper.htm
files\translation.htm
files\uniting_a_set_of_triangles.htm
files\uniting_two_triangles.htm
files\using_operations_on_groups.htm
files\viewing_mesh_info.htm
files\warp.htm
free_borders.htm
free_edges.htm
grouping_elements.htm
length.htm
modifying_meshes.htm
pattern_mapping.htm
presentation.htm
quality_controls.htm
revolution.htm
selection_filter_library.htm
transforming_meshes.htm
transparency.htm
viewing_meshes.htm
ehelp.xml
texture_horiz_ltbluebubbles.jpg
smesh.glo
default.css
pics\add_node.png
pics\remove_nodes2.png
pics\merging_nodes2.png
pics\moving_nodes2.png
pics\smoothing2.png
pics\b-mberofsegments.png
pics\b-flection1d.png
pics\a-cuttingofquadrangles.png
image129.gif
pics\addquadrangle.png
pics\intersectgroups.png
pics\editgroup.png
image95.jpg
pics\sewing1.png
image92.gif
image51.jpg
image70.gif
pics\create_group.png
pics\edit_mesh_change_value_hyp.png
pics\free_borders1.png
pics\add_triangle.png
pics\b-art_end_length.png
pics\a-creategroup.png
pics\a-clipping2.png
pics\a-transparency.png
pics\diagonalinversion.png
pics\translation1.png
image96.jpg
pics\sewing2.png
image119.gif
image108.gif
image52.jpg
image82.gif
image71.gif
image30.jpg
pics\rotation1.png
pics\a-createpolyhedralvolume.png
pics\a-patterntype.png
pics\orientaation1.png
pics\translation2.png
pics\cutgroups.png
image97.jpg
pics\sewing3.png
image86.jpg
image50.gif
image94.gif
image83.gif
image31.jpg
pics\add_polyhedron.png
pics\add_edge.png
pics\rotation2.png
pics\b-ithmetic1d.png
image10.jpg
pics\a-maxelarea.png
pics\addhexahedron.png
pics\addtetrahedron.png
image5.jpg
pics\sewing4.png
image95.gif
image76.jpg
image84.gif
image73.gif
image32.jpg
image40.gif
pics\smoothing.png
image88.jpg
image30.gif
image96.gif
image77.jpg
image74.gif
image63.gif
image22.jpg
image41.gif
pics\deletegroups.png
pics\editing_groups1.png
pics\uniting_two_triangles1.png
image7.jpg
pics\a-averagelength.png
pics\a-patterntype1.png
pics\extrusionalongaline1.png
pics\movenodes.png
pics\rotation.png
image56.jpg
image53.gif
image20.gif
image97.gif
image78.jpg
image64.gif
image23.jpg
pics\cut_groups1.png
pics\editing_groups2.png
pics\uniting_two_triangles2.png
pics\a-unionoftriangles.png
pics\a-arithmetic1d.png
pics\a-exportmesh.png
pics\extrusionalongaline2.png
pics\importmesh.png
image79.jpg
image21.gif
image98.gif
image32.gif
pics\cut_groups2.png
image130.gif
pics\max_el_area.png
pics\a-extusionalongapath2.png
pics\a-viewgeneral.png
pics\revolution1.png
pics\addtriangle.png
image99.gif
image55.gif
image88.gif
image36.jpg
image33.gif
image22.gif
image25.jpg
i_blue.jpg
pics\cut_groups3.png
image131.gif
pics\c-editmesh.png
pics\add_quadrangle.png
pics\uniting_a_set_of_triangles1.png
pics\a-deflection1d.png
pics\revolution2.png
pics\unionoftwotriangles.png
pics\addnode.png
image120.gif
image56.gif
image37.jpg
image23.gif
image67.gif
image34.gif
image26.jpg
image132.gif
pics\edit_mesh1.png
pics\remove_elements1.png
pics\uniting_a_set_of_triangles2.png
pics\mergenodes.png
pics\symmetry1.png
image121.gif
image79.gif
image38.jpg
image46.gif
image35.gif
image27.jpg
image24.gif
pics\intersect_groups1.png
image133.gif
pics\length1.png
pics\borders_at_multi_connections1.png
pics\add_polygone.png
pics\remove_elements2.png
pics\a-maxelvolume.png
pics\symmetry2.png
image122.gif
image58.gif
image36.gif
image25.gif
note1.gif
pics\intersect_groups2.png
image134.gif
pics\b-mesh_infos.png
pics\symmetry3.png
pics\addedge.png
image123.gif
image101.gif
image37.gif
pics\intersect_groups3.png
image135.gif
pics\b-erage_length.png
pics\a-standmeshinfo.png
pics\a-nbsegments1.png
pics\patternmapping1.png
image90.jpg
image124.gif
image102.gif
image19.jpg
image49.gif
image27.gif
image38.gif
image136.gif
pics\c-createmesh.png
pics\a-nbsegments2.png
pics\a-startendlength.png
pics\patternmapping2.png
pics\removeelements.png
pics\removenodes.png
pics\uniongroups.png
image125.gif
image103.gif
pics\exemple.gif
image39.gif
image28.gif
pics\union_groups1.png
image137.gif
pics\free_edges.png
pics\a-nbsegments3.png
pics\creategroup.png
image92.jpg
pics\submeshconstruction.png
image126.gif
image104.gif
image18.gif
image70.jpg
pics\union_groups2.png
pics\length2d.png
pics\a-advmeshinfo.png
pics\a-nbsegments4.png
pics\renumbernodes.png
image127.gif
image93.jpg
image105.gif
image19.gif
image71.jpg
pics\selectionfilterlibrary.png
pics\union_groups3.png
pics\edit_mesh_remove_hyp.png
pics\remove_nodes1.png
pics\merging_nodes1.png
pics\moving_nodes1.png
pics\smoothing1.png
pics\a-filteronedges.png
pics\renumberelements.png
pics\addpolygon.png
image94.jpg
image106.gif
image91.gif
image80.gif
smesh.ppf
ehlpdhtm.js
default_ns.css
whxdata\whtdata0.xml
whxdata\whftdata0.xml
whxdata\whfwdata0.xml
whxdata\whgdata0.xml
whdata\whtdata0.htm
whdata\whftdata0.htm
whdata\whfwdata0.htm
whdata\whgdata0.htm
whgdata\whlstt0.htm
whgdata\whlstt1.htm
whgdata\whlstt2.htm
whgdata\whlstt3.htm
whgdata\whlstt4.htm
whgdata\whlstt5.htm
whgdata\whlstt6.htm
whgdata\whlstt7.htm
whgdata\whlstt8.htm
whgdata\whlstt9.htm
whgdata\whlsti0.htm
whgdata\whlstfl0.htm
whgdata\whlstfl1.htm
whgdata\whlstfl2.htm
whgdata\whlstfl3.htm
whgdata\whlstfl4.htm
whgdata\whlstfl5.htm
whgdata\whlstfl6.htm
whgdata\whlstfl7.htm
whgdata\whlstfl8.htm
whgdata\whlstfl9.htm
whgdata\whlstfl10.htm
whgdata\whlstfl11.htm
whgdata\whlstfl12.htm
whgdata\whlstfl13.htm
whgdata\whlstfl14.htm
whgdata\whlstfl15.htm
whgdata\whlstfl16.htm
whgdata\whlstfl17.htm
whgdata\whlstfl18.htm
whgdata\whlstfl19.htm
whgdata\whlstfl20.htm
whgdata\whlstfl21.htm
whgdata\whlstfl22.htm
whgdata\whlstfl23.htm
whgdata\whlstfl24.htm
whgdata\whlstfl25.htm
whgdata\whlstf0.htm
whgdata\whlstf1.htm
whgdata\whlstf2.htm
whgdata\whlstf3.htm
whgdata\whlstf4.htm
whgdata\whlstf5.htm
whgdata\whlstf6.htm
whgdata\whlstf7.htm
whgdata\whlstf8.htm
whgdata\whlstf9.htm
whgdata\whlstf10.htm
whgdata\whlstf11.htm
whgdata\whlstf12.htm
whgdata\whlstg0.htm
smesh.htm
smesh_csh.htm
smesh_rhc.htm
